2025-08-27 12:47:47,580 INFO o.a.j.u.JMeterUtils: Setting Locale to en_EN
2025-08-27 12:47:47,626 INFO o.a.j.JMeter: Loading user properties from: /opt/apache-jmeter-5.6.3/bin/user.properties
2025-08-27 12:47:47,628 INFO o.a.j.JMeter: Loading system properties from: /opt/apache-jmeter-5.6.3/bin/system.properties
2025-08-27 12:47:47,648 INFO o.a.j.JMeter: Copyright (c) 1998-2024 The Apache Software Foundation
2025-08-27 12:47:47,648 INFO o.a.j.JMeter: Version 5.6.3
2025-08-27 12:47:47,648 INFO o.a.j.JMeter: java.version=17.0.16
2025-08-27 12:47:47,648 INFO o.a.j.JMeter: java.vm.name=OpenJDK 64-Bit Server VM
2025-08-27 12:47:47,648 INFO o.a.j.JMeter: os.name=Mac OS X
2025-08-27 12:47:47,648 INFO o.a.j.JMeter: os.arch=x86_64
2025-08-27 12:47:47,648 INFO o.a.j.JMeter: os.version=12.5
2025-08-27 12:47:47,648 INFO o.a.j.JMeter: file.encoding=UTF-8
2025-08-27 12:47:47,649 INFO o.a.j.JMeter: java.awt.headless=null
2025-08-27 12:47:47,649 INFO o.a.j.JMeter: Max memory     =1073741824
2025-08-27 12:47:47,649 INFO o.a.j.JMeter: Available Processors =8
2025-08-27 12:47:47,664 INFO o.a.j.JMeter: Default Locale=English (EN)
2025-08-27 12:47:47,664 INFO o.a.j.JMeter: JMeter  Locale=English (EN)
2025-08-27 12:47:47,664 INFO o.a.j.JMeter: JMeterHome=/opt/apache-jmeter-5.6.3
2025-08-27 12:47:47,664 INFO o.a.j.JMeter: user.dir  =/Users/georgeansell/QA/jmeter saucedemo/jmeter-petstore-demo
2025-08-27 12:47:47,664 INFO o.a.j.JMeter: PWD       =/Users/georgeansell/QA/jmeter saucedemo/jmeter-petstore-demo
2025-08-27 12:47:47,675 INFO o.a.j.JMeter: IP: 192.168.5.25 Name: Georges-Air.powerhub FullName: georges-air.powerhub
2025-08-27 12:47:47,704 INFO o.a.j.JMeter: Loaded icon properties from org/apache/jmeter/images/icon.properties
2025-08-27 12:47:48,445 INFO o.a.j.JMeterGuiLauncher: Setting LAF to: com.github.weisj.darklaf.DarkLaf:com.github.weisj.darklaf.theme.DarculaTheme
2025-08-27 12:50:39,347 INFO o.a.j.p.h.s.HTTPSamplerBase: Parser for text/html is org.apache.jmeter.protocol.http.parser.LagartoBasedHtmlParser
2025-08-27 12:50:39,349 INFO o.a.j.p.h.s.HTTPSamplerBase: Parser for application/xhtml+xml is org.apache.jmeter.protocol.http.parser.LagartoBasedHtmlParser
2025-08-27 12:50:39,349 INFO o.a.j.p.h.s.HTTPSamplerBase: Parser for application/xml is org.apache.jmeter.protocol.http.parser.LagartoBasedHtmlParser
2025-08-27 12:50:39,349 INFO o.a.j.p.h.s.HTTPSamplerBase: Parser for text/xml is org.apache.jmeter.protocol.http.parser.LagartoBasedHtmlParser
2025-08-27 12:50:39,349 INFO o.a.j.p.h.s.HTTPSamplerBase: Parser for text/vnd.wap.wml is org.apache.jmeter.protocol.http.parser.RegexpHTMLParser
2025-08-27 12:50:39,349 INFO o.a.j.p.h.s.HTTPSamplerBase: Parser for text/css is org.apache.jmeter.protocol.http.parser.CssParser
2025-08-27 12:54:13,206 INFO o.a.j.s.SampleResult: Note: Sample TimeStamps are START times
2025-08-27 12:54:13,208 INFO o.a.j.s.SampleResult: sampleresult.default.encoding is set to UTF-8
2025-08-27 12:54:13,209 INFO o.a.j.s.SampleResult: sampleresult.useNanoTime=true
2025-08-27 12:54:13,209 INFO o.a.j.s.SampleResult: sampleresult.nanoThreadSleep=5000
2025-08-27 12:54:32,877 INFO o.a.j.s.FileServer: Default base='/Users/georgeansell/QA/jmeter saucedemo/jmeter-petstore-demo'
2025-08-27 12:54:32,881 INFO o.a.j.s.FileServer: Set new base='/Users/georgeansell/QA/jmeter saucedemo/jmeter-petstore-demo/testplans'
2025-08-27 12:54:33,451 INFO o.a.j.s.SaveService: Testplan (JMX) version: 2.2. Testlog (JTL) version: 2.2
2025-08-27 12:54:33,476 INFO o.a.j.s.SaveService: Using SaveService properties version 5.0
2025-08-27 12:54:33,480 INFO o.a.j.s.SaveService: Using SaveService properties file encoding UTF-8
2025-08-27 12:54:33,558 INFO o.a.j.e.StandardJMeterEngine: Running the test!
2025-08-27 12:54:33,564 INFO o.a.j.s.SampleEvent: List of sample_variables: []
2025-08-27 12:54:33,564 INFO o.a.j.s.SampleEvent: List of sample_variables: []
2025-08-27 12:54:33,569 INFO o.a.j.e.u.CompoundVariable: Note: Function class names must contain the string: '.functions.'
2025-08-27 12:54:33,569 INFO o.a.j.e.u.CompoundVariable: Note: Function class names must not contain the string: '.gui.'
2025-08-27 12:54:33,694 INFO o.a.j.g.u.JMeterMenuBar: setRunning(true, *local*)
2025-08-27 12:54:33,853 INFO o.a.j.e.StandardJMeterEngine: Starting ThreadGroup: 1 : Pets
2025-08-27 12:54:33,859 INFO o.a.j.e.StandardJMeterEngine: Starting 2 threads for group Pets.
2025-08-27 12:54:33,859 INFO o.a.j.e.StandardJMeterEngine: Thread will continue on error
2025-08-27 12:54:33,862 INFO o.a.j.t.ThreadGroup: Starting thread group... number=1 threads=2 ramp-up=2 delayedStart=false
2025-08-27 12:54:33,912 INFO o.a.j.t.ThreadGroup: Started thread group number 1
2025-08-27 12:54:33,912 INFO o.a.j.e.StandardJMeterEngine: All thread groups have been started
2025-08-27 12:54:34,014 INFO o.a.j.t.JMeterThread: Thread started: Pets 1-1
2025-08-27 12:54:34,022 INFO o.a.j.s.FileServer: Stored: /data/pets.csv
2025-08-27 12:54:34,023 ERROR o.a.j.t.JMeterThread: Test failed!
java.lang.IllegalArgumentException: Could not read file header line for file /data/pets.csv
	at org.apache.jmeter.services.FileServer.reserveFile(FileServer.java:283) ~[ApacheJMeter_core.jar:5.6.3]
	at org.apache.jmeter.config.CSVDataSet.initVars(CSVDataSet.java:208) ~[ApacheJMeter_components.jar:5.6.3]
	at org.apache.jmeter.config.CSVDataSet.iterationStart(CSVDataSet.java:171) ~[ApacheJMeter_components.jar:5.6.3]
	at org.apache.jmeter.control.GenericController.fireIterationStart(GenericController.java:412) ~[ApacheJMeter_core.jar:5.6.3]
	at org.apache.jmeter.control.GenericController.fireIterEvents(GenericController.java:404) ~[ApacheJMeter_core.jar:5.6.3]
	at org.apache.jmeter.control.GenericController.next(GenericController.java:170) ~[ApacheJMeter_core.jar:5.6.3]
	at org.apache.jmeter.control.LoopController.next(LoopController.java:119) ~[ApacheJMeter_core.jar:5.6.3]
	at org.apache.jmeter.threads.AbstractThreadGroup.next(AbstractThreadGroup.java:109) ~[ApacheJMeter_core.jar:5.6.3]
	at org.apache.jmeter.threads.JMeterThread.run(JMeterThread.java:266) [ApacheJMeter_core.jar:5.6.3]
	at java.base/java.lang.Thread.run(Thread.java:840) [?:?]
Caused by: java.lang.IllegalArgumentException: File pets.csv must exist and be readable
	at org.apache.jmeter.services.FileServer.createBufferedReader(FileServer.java:424) ~[ApacheJMeter_core.jar:5.6.3]
	at org.apache.jmeter.services.FileServer.readLine(FileServer.java:340) ~[ApacheJMeter_core.jar:5.6.3]
	at org.apache.jmeter.services.FileServer.readLine(FileServer.java:324) ~[ApacheJMeter_core.jar:5.6.3]
	at org.apache.jmeter.services.FileServer.reserveFile(FileServer.java:272) ~[ApacheJMeter_core.jar:5.6.3]
	... 9 more
2025-08-27 12:54:34,081 INFO o.a.j.t.JMeterThread: Thread finished: Pets 1-1
2025-08-27 12:54:34,971 INFO o.a.j.t.JMeterThread: Thread started: Pets 1-2
2025-08-27 12:54:34,974 ERROR o.a.j.t.JMeterThread: Test failed!
java.lang.IllegalArgumentException: Could not read file header line for file /data/pets.csv
	at org.apache.jmeter.services.FileServer.reserveFile(FileServer.java:283) ~[ApacheJMeter_core.jar:5.6.3]
	at org.apache.jmeter.config.CSVDataSet.initVars(CSVDataSet.java:208) ~[ApacheJMeter_components.jar:5.6.3]
	at org.apache.jmeter.config.CSVDataSet.iterationStart(CSVDataSet.java:171) ~[ApacheJMeter_components.jar:5.6.3]
	at org.apache.jmeter.control.GenericController.fireIterationStart(GenericController.java:412) ~[ApacheJMeter_core.jar:5.6.3]
	at org.apache.jmeter.control.GenericController.fireIterEvents(GenericController.java:404) ~[ApacheJMeter_core.jar:5.6.3]
	at org.apache.jmeter.control.GenericController.next(GenericController.java:170) ~[ApacheJMeter_core.jar:5.6.3]
	at org.apache.jmeter.control.LoopController.next(LoopController.java:119) ~[ApacheJMeter_core.jar:5.6.3]
	at org.apache.jmeter.threads.AbstractThreadGroup.next(AbstractThreadGroup.java:109) ~[ApacheJMeter_core.jar:5.6.3]
	at org.apache.jmeter.threads.JMeterThread.run(JMeterThread.java:266) [ApacheJMeter_core.jar:5.6.3]
	at java.base/java.lang.Thread.run(Thread.java:840) [?:?]
Caused by: java.lang.IllegalArgumentException: File pets.csv must exist and be readable
	at org.apache.jmeter.services.FileServer.createBufferedReader(FileServer.java:424) ~[ApacheJMeter_core.jar:5.6.3]
	at org.apache.jmeter.services.FileServer.readLine(FileServer.java:340) ~[ApacheJMeter_core.jar:5.6.3]
	at org.apache.jmeter.services.FileServer.readLine(FileServer.java:324) ~[ApacheJMeter_core.jar:5.6.3]
	at org.apache.jmeter.services.FileServer.reserveFile(FileServer.java:272) ~[ApacheJMeter_core.jar:5.6.3]
	... 9 more
2025-08-27 12:54:34,975 INFO o.a.j.t.JMeterThread: Thread finished: Pets 1-2
2025-08-27 12:54:34,976 INFO o.a.j.e.StandardJMeterEngine: Notifying test listeners of end of test
2025-08-27 12:54:34,980 INFO o.a.j.g.u.JMeterMenuBar: setRunning(false, *local*)
2025-08-27 12:54:36,056 INFO o.a.j.e.StandardJMeterEngine: Running the test!
2025-08-27 12:54:36,056 INFO o.a.j.s.SampleEvent: List of sample_variables: []
2025-08-27 12:54:36,060 INFO o.a.j.g.u.JMeterMenuBar: setRunning(true, *local*)
2025-08-27 12:54:36,138 INFO o.a.j.e.StandardJMeterEngine: Starting ThreadGroup: 1 : Pets
2025-08-27 12:54:36,147 INFO o.a.j.e.StandardJMeterEngine: Starting 2 threads for group Pets.
2025-08-27 12:54:36,153 INFO o.a.j.e.StandardJMeterEngine: Thread will continue on error
2025-08-27 12:54:36,157 INFO o.a.j.t.ThreadGroup: Starting thread group... number=1 threads=2 ramp-up=2 delayedStart=false
2025-08-27 12:54:36,200 INFO o.a.j.t.ThreadGroup: Started thread group number 1
2025-08-27 12:54:36,206 INFO o.a.j.e.StandardJMeterEngine: All thread groups have been started
2025-08-27 12:54:36,213 INFO o.a.j.t.JMeterThread: Thread started: Pets 1-1
2025-08-27 12:54:36,216 INFO o.a.j.s.FileServer: Stored: /data/pets.csv
2025-08-27 12:54:36,217 ERROR o.a.j.t.JMeterThread: Test failed!
java.lang.IllegalArgumentException: Could not read file header line for file /data/pets.csv
	at org.apache.jmeter.services.FileServer.reserveFile(FileServer.java:283) ~[ApacheJMeter_core.jar:5.6.3]
	at org.apache.jmeter.config.CSVDataSet.initVars(CSVDataSet.java:208) ~[ApacheJMeter_components.jar:5.6.3]
	at org.apache.jmeter.config.CSVDataSet.iterationStart(CSVDataSet.java:171) ~[ApacheJMeter_components.jar:5.6.3]
	at org.apache.jmeter.control.GenericController.fireIterationStart(GenericController.java:412) ~[ApacheJMeter_core.jar:5.6.3]
	at org.apache.jmeter.control.GenericController.fireIterEvents(GenericController.java:404) ~[ApacheJMeter_core.jar:5.6.3]
	at org.apache.jmeter.control.GenericController.next(GenericController.java:170) ~[ApacheJMeter_core.jar:5.6.3]
	at org.apache.jmeter.control.LoopController.next(LoopController.java:119) ~[ApacheJMeter_core.jar:5.6.3]
	at org.apache.jmeter.threads.AbstractThreadGroup.next(AbstractThreadGroup.java:109) ~[ApacheJMeter_core.jar:5.6.3]
	at org.apache.jmeter.threads.JMeterThread.run(JMeterThread.java:266) [ApacheJMeter_core.jar:5.6.3]
	at java.base/java.lang.Thread.run(Thread.java:840) [?:?]
Caused by: java.lang.IllegalArgumentException: File pets.csv must exist and be readable
	at org.apache.jmeter.services.FileServer.createBufferedReader(FileServer.java:424) ~[ApacheJMeter_core.jar:5.6.3]
	at org.apache.jmeter.services.FileServer.readLine(FileServer.java:340) ~[ApacheJMeter_core.jar:5.6.3]
	at org.apache.jmeter.services.FileServer.readLine(FileServer.java:324) ~[ApacheJMeter_core.jar:5.6.3]
	at org.apache.jmeter.services.FileServer.reserveFile(FileServer.java:272) ~[ApacheJMeter_core.jar:5.6.3]
	... 9 more
2025-08-27 12:54:36,221 INFO o.a.j.t.JMeterThread: Thread finished: Pets 1-1
2025-08-27 12:54:37,182 INFO o.a.j.t.JMeterThread: Thread started: Pets 1-2
2025-08-27 12:54:37,186 ERROR o.a.j.t.JMeterThread: Test failed!
java.lang.IllegalArgumentException: Could not read file header line for file /data/pets.csv
	at org.apache.jmeter.services.FileServer.reserveFile(FileServer.java:283) ~[ApacheJMeter_core.jar:5.6.3]
	at org.apache.jmeter.config.CSVDataSet.initVars(CSVDataSet.java:208) ~[ApacheJMeter_components.jar:5.6.3]
	at org.apache.jmeter.config.CSVDataSet.iterationStart(CSVDataSet.java:171) ~[ApacheJMeter_components.jar:5.6.3]
	at org.apache.jmeter.control.GenericController.fireIterationStart(GenericController.java:412) ~[ApacheJMeter_core.jar:5.6.3]
	at org.apache.jmeter.control.GenericController.fireIterEvents(GenericController.java:404) ~[ApacheJMeter_core.jar:5.6.3]
	at org.apache.jmeter.control.GenericController.next(GenericController.java:170) ~[ApacheJMeter_core.jar:5.6.3]
	at org.apache.jmeter.control.LoopController.next(LoopController.java:119) ~[ApacheJMeter_core.jar:5.6.3]
	at org.apache.jmeter.threads.AbstractThreadGroup.next(AbstractThreadGroup.java:109) ~[ApacheJMeter_core.jar:5.6.3]
	at org.apache.jmeter.threads.JMeterThread.run(JMeterThread.java:266) [ApacheJMeter_core.jar:5.6.3]
	at java.base/java.lang.Thread.run(Thread.java:840) [?:?]
Caused by: java.lang.IllegalArgumentException: File pets.csv must exist and be readable
	at org.apache.jmeter.services.FileServer.createBufferedReader(FileServer.java:424) ~[ApacheJMeter_core.jar:5.6.3]
	at org.apache.jmeter.services.FileServer.readLine(FileServer.java:340) ~[ApacheJMeter_core.jar:5.6.3]
	at org.apache.jmeter.services.FileServer.readLine(FileServer.java:324) ~[ApacheJMeter_core.jar:5.6.3]
	at org.apache.jmeter.services.FileServer.reserveFile(FileServer.java:272) ~[ApacheJMeter_core.jar:5.6.3]
	... 9 more
2025-08-27 12:54:37,188 INFO o.a.j.t.JMeterThread: Thread finished: Pets 1-2
2025-08-27 12:54:37,188 INFO o.a.j.e.StandardJMeterEngine: Notifying test listeners of end of test
2025-08-27 12:54:37,192 INFO o.a.j.g.u.JMeterMenuBar: setRunning(false, *local*)
2025-08-27 12:56:07,420 INFO o.a.j.e.StandardJMeterEngine: Running the test!
2025-08-27 12:56:07,427 INFO o.a.j.s.SampleEvent: List of sample_variables: []
2025-08-27 12:56:07,432 INFO o.a.j.g.u.JMeterMenuBar: setRunning(true, *local*)
2025-08-27 12:56:07,539 INFO o.a.j.e.StandardJMeterEngine: Starting ThreadGroup: 1 : Pets
2025-08-27 12:56:07,555 INFO o.a.j.e.StandardJMeterEngine: Starting 2 threads for group Pets.
2025-08-27 12:56:07,559 INFO o.a.j.e.StandardJMeterEngine: Thread will continue on error
2025-08-27 12:56:07,562 INFO o.a.j.t.ThreadGroup: Starting thread group... number=1 threads=2 ramp-up=2 delayedStart=false
2025-08-27 12:56:07,591 INFO o.a.j.t.ThreadGroup: Started thread group number 1
2025-08-27 12:56:07,591 INFO o.a.j.e.StandardJMeterEngine: All thread groups have been started
2025-08-27 12:56:07,596 INFO o.a.j.t.JMeterThread: Thread started: Pets 1-1
2025-08-27 12:56:07,604 INFO o.a.j.s.FileServer: Stored: /data/pets.csv
2025-08-27 12:56:07,605 ERROR o.a.j.t.JMeterThread: Test failed!
java.lang.IllegalArgumentException: Could not read file header line for file /data/pets.csv
	at org.apache.jmeter.services.FileServer.reserveFile(FileServer.java:283) ~[ApacheJMeter_core.jar:5.6.3]
	at org.apache.jmeter.config.CSVDataSet.initVars(CSVDataSet.java:208) ~[ApacheJMeter_components.jar:5.6.3]
	at org.apache.jmeter.config.CSVDataSet.iterationStart(CSVDataSet.java:171) ~[ApacheJMeter_components.jar:5.6.3]
	at org.apache.jmeter.control.GenericController.fireIterationStart(GenericController.java:412) ~[ApacheJMeter_core.jar:5.6.3]
	at org.apache.jmeter.control.GenericController.fireIterEvents(GenericController.java:404) ~[ApacheJMeter_core.jar:5.6.3]
	at org.apache.jmeter.control.GenericController.next(GenericController.java:170) ~[ApacheJMeter_core.jar:5.6.3]
	at org.apache.jmeter.control.LoopController.next(LoopController.java:119) ~[ApacheJMeter_core.jar:5.6.3]
	at org.apache.jmeter.threads.AbstractThreadGroup.next(AbstractThreadGroup.java:109) ~[ApacheJMeter_core.jar:5.6.3]
	at org.apache.jmeter.threads.JMeterThread.run(JMeterThread.java:266) [ApacheJMeter_core.jar:5.6.3]
	at java.base/java.lang.Thread.run(Thread.java:840) [?:?]
Caused by: java.lang.IllegalArgumentException: File pets.csv must exist and be readable
	at org.apache.jmeter.services.FileServer.createBufferedReader(FileServer.java:424) ~[ApacheJMeter_core.jar:5.6.3]
	at org.apache.jmeter.services.FileServer.readLine(FileServer.java:340) ~[ApacheJMeter_core.jar:5.6.3]
	at org.apache.jmeter.services.FileServer.readLine(FileServer.java:324) ~[ApacheJMeter_core.jar:5.6.3]
	at org.apache.jmeter.services.FileServer.reserveFile(FileServer.java:272) ~[ApacheJMeter_core.jar:5.6.3]
	... 9 more
2025-08-27 12:56:07,611 INFO o.a.j.t.JMeterThread: Thread finished: Pets 1-1
2025-08-27 12:56:08,573 INFO o.a.j.t.JMeterThread: Thread started: Pets 1-2
2025-08-27 12:56:08,575 ERROR o.a.j.t.JMeterThread: Test failed!
java.lang.IllegalArgumentException: Could not read file header line for file /data/pets.csv
	at org.apache.jmeter.services.FileServer.reserveFile(FileServer.java:283) ~[ApacheJMeter_core.jar:5.6.3]
	at org.apache.jmeter.config.CSVDataSet.initVars(CSVDataSet.java:208) ~[ApacheJMeter_components.jar:5.6.3]
	at org.apache.jmeter.config.CSVDataSet.iterationStart(CSVDataSet.java:171) ~[ApacheJMeter_components.jar:5.6.3]
	at org.apache.jmeter.control.GenericController.fireIterationStart(GenericController.java:412) ~[ApacheJMeter_core.jar:5.6.3]
	at org.apache.jmeter.control.GenericController.fireIterEvents(GenericController.java:404) ~[ApacheJMeter_core.jar:5.6.3]
	at org.apache.jmeter.control.GenericController.next(GenericController.java:170) ~[ApacheJMeter_core.jar:5.6.3]
	at org.apache.jmeter.control.LoopController.next(LoopController.java:119) ~[ApacheJMeter_core.jar:5.6.3]
	at org.apache.jmeter.threads.AbstractThreadGroup.next(AbstractThreadGroup.java:109) ~[ApacheJMeter_core.jar:5.6.3]
	at org.apache.jmeter.threads.JMeterThread.run(JMeterThread.java:266) [ApacheJMeter_core.jar:5.6.3]
	at java.base/java.lang.Thread.run(Thread.java:840) [?:?]
Caused by: java.lang.IllegalArgumentException: File pets.csv must exist and be readable
	at org.apache.jmeter.services.FileServer.createBufferedReader(FileServer.java:424) ~[ApacheJMeter_core.jar:5.6.3]
	at org.apache.jmeter.services.FileServer.readLine(FileServer.java:340) ~[ApacheJMeter_core.jar:5.6.3]
	at org.apache.jmeter.services.FileServer.readLine(FileServer.java:324) ~[ApacheJMeter_core.jar:5.6.3]
	at org.apache.jmeter.services.FileServer.reserveFile(FileServer.java:272) ~[ApacheJMeter_core.jar:5.6.3]
	... 9 more
2025-08-27 12:56:08,576 INFO o.a.j.t.JMeterThread: Thread finished: Pets 1-2
2025-08-27 12:56:08,576 INFO o.a.j.e.StandardJMeterEngine: Notifying test listeners of end of test
2025-08-27 12:56:08,577 INFO o.a.j.g.u.JMeterMenuBar: setRunning(false, *local*)
2025-08-27 12:57:03,399 ERROR o.a.j.g.a.Save: Could not backup file! Backup directory does not exist, is not a directory or could not be created ! </opt/apache-jmeter-5.6.3/backups>
2025-08-27 12:57:03,438 INFO o.a.j.e.StandardJMeterEngine: Running the test!
2025-08-27 12:57:03,440 INFO o.a.j.s.SampleEvent: List of sample_variables: []
2025-08-27 12:57:03,443 INFO o.a.j.g.u.JMeterMenuBar: setRunning(true, *local*)
2025-08-27 12:57:03,580 INFO o.a.j.e.StandardJMeterEngine: Starting ThreadGroup: 1 : Pets
2025-08-27 12:57:03,589 INFO o.a.j.e.StandardJMeterEngine: Starting 2 threads for group Pets.
2025-08-27 12:57:03,589 INFO o.a.j.e.StandardJMeterEngine: Thread will continue on error
2025-08-27 12:57:03,594 INFO o.a.j.t.ThreadGroup: Starting thread group... number=1 threads=2 ramp-up=2 delayedStart=false
2025-08-27 12:57:03,653 INFO o.a.j.t.ThreadGroup: Started thread group number 1
2025-08-27 12:57:03,654 INFO o.a.j.e.StandardJMeterEngine: All thread groups have been started
2025-08-27 12:57:03,653 INFO o.a.j.t.JMeterThread: Thread started: Pets 1-1
2025-08-27 12:57:03,657 INFO o.a.j.s.FileServer: Stored: /Users/georgeansell/QA/jmeter saucedemo/jmeter-petstore-demo/data/pets.csv
2025-08-27 12:57:03,866 INFO o.a.j.p.h.s.HTTPHCAbstractImpl: Local host = Georges-Air.powerhub
2025-08-27 12:57:03,887 INFO o.a.j.p.h.s.HTTPHC4Impl: HTTP request retry count = 0
2025-08-27 12:57:03,998 INFO o.a.j.t.JMeterThread: Thread is done: Pets 1-1
2025-08-27 12:57:03,998 INFO o.a.j.t.JMeterThread: Thread finished: Pets 1-1
2025-08-27 12:57:04,609 INFO o.a.j.t.JMeterThread: Thread started: Pets 1-2
2025-08-27 12:57:04,627 INFO o.a.j.t.JMeterThread: Thread is done: Pets 1-2
2025-08-27 12:57:04,627 INFO o.a.j.t.JMeterThread: Thread finished: Pets 1-2
2025-08-27 12:57:04,627 INFO o.a.j.e.StandardJMeterEngine: Notifying test listeners of end of test
2025-08-27 12:57:04,627 INFO o.a.j.s.FileServer: Close: /Users/georgeansell/QA/jmeter saucedemo/jmeter-petstore-demo/data/pets.csv
2025-08-27 12:57:04,636 INFO o.a.j.g.u.JMeterMenuBar: setRunning(false, *local*)
2025-08-27 12:57:40,733 ERROR o.a.j.g.a.Save: Could not backup file! Backup directory does not exist, is not a directory or could not be created ! </opt/apache-jmeter-5.6.3/backups>
2025-08-27 12:57:40,757 INFO o.a.j.e.StandardJMeterEngine: Running the test!
2025-08-27 12:57:40,759 INFO o.a.j.s.SampleEvent: List of sample_variables: []
2025-08-27 12:57:40,761 INFO o.a.j.g.u.JMeterMenuBar: setRunning(true, *local*)
2025-08-27 12:57:40,920 INFO o.a.j.e.StandardJMeterEngine: Starting ThreadGroup: 1 : Pets
2025-08-27 12:57:40,937 INFO o.a.j.e.StandardJMeterEngine: Starting 2 threads for group Pets.
2025-08-27 12:57:40,940 INFO o.a.j.e.StandardJMeterEngine: Thread will continue on error
2025-08-27 12:57:40,943 INFO o.a.j.t.ThreadGroup: Starting thread group... number=1 threads=2 ramp-up=2 delayedStart=false
2025-08-27 12:57:40,973 INFO o.a.j.t.ThreadGroup: Started thread group number 1
2025-08-27 12:57:40,974 INFO o.a.j.e.StandardJMeterEngine: All thread groups have been started
2025-08-27 12:57:40,986 INFO o.a.j.t.JMeterThread: Thread started: Pets 1-1
2025-08-27 12:57:41,001 INFO o.a.j.s.FileServer: Stored: /Users/georgeansell/QA/jmeter saucedemo/jmeter-petstore-demo/data/pets.csv
2025-08-27 12:57:41,064 INFO o.a.j.t.JMeterThread: Thread is done: Pets 1-1
2025-08-27 12:57:41,065 INFO o.a.j.t.JMeterThread: Thread finished: Pets 1-1
2025-08-27 12:57:41,962 INFO o.a.j.t.JMeterThread: Thread started: Pets 1-2
2025-08-27 12:57:41,969 INFO o.a.j.t.JMeterThread: Thread is done: Pets 1-2
2025-08-27 12:57:41,969 INFO o.a.j.t.JMeterThread: Thread finished: Pets 1-2
2025-08-27 12:57:41,970 INFO o.a.j.e.StandardJMeterEngine: Notifying test listeners of end of test
2025-08-27 12:57:41,970 INFO o.a.j.s.FileServer: Close: /Users/georgeansell/QA/jmeter saucedemo/jmeter-petstore-demo/data/pets.csv
2025-08-27 12:57:41,971 INFO o.a.j.g.u.JMeterMenuBar: setRunning(false, *local*)
2025-08-27 12:58:14,479 ERROR o.a.j.g.a.Save: Could not backup file! Backup directory does not exist, is not a directory or could not be created ! </opt/apache-jmeter-5.6.3/backups>
2025-08-27 12:58:14,514 INFO o.a.j.e.StandardJMeterEngine: Running the test!
2025-08-27 12:58:14,520 INFO o.a.j.s.SampleEvent: List of sample_variables: []
2025-08-27 12:58:14,524 INFO o.a.j.g.u.JMeterMenuBar: setRunning(true, *local*)
2025-08-27 12:58:14,644 INFO o.a.j.e.StandardJMeterEngine: Starting ThreadGroup: 1 : Pets
2025-08-27 12:58:14,660 INFO o.a.j.e.StandardJMeterEngine: Starting 2 threads for group Pets.
2025-08-27 12:58:14,661 INFO o.a.j.e.StandardJMeterEngine: Thread will continue on error
2025-08-27 12:58:14,663 INFO o.a.j.t.ThreadGroup: Starting thread group... number=1 threads=2 ramp-up=2 delayedStart=false
2025-08-27 12:58:14,715 INFO o.a.j.t.ThreadGroup: Started thread group number 1
2025-08-27 12:58:14,720 INFO o.a.j.e.StandardJMeterEngine: All thread groups have been started
2025-08-27 12:58:14,721 INFO o.a.j.t.JMeterThread: Thread started: Pets 1-1
2025-08-27 12:58:14,733 INFO o.a.j.s.FileServer: Stored: /Users/georgeansell/QA/jmeter saucedemo/jmeter-petstore-demo/data/pets.csv
2025-08-27 12:58:14,760 INFO o.a.j.t.JMeterThread: Thread is done: Pets 1-1
2025-08-27 12:58:14,761 INFO o.a.j.t.JMeterThread: Thread finished: Pets 1-1
2025-08-27 12:58:15,675 INFO o.a.j.t.JMeterThread: Thread started: Pets 1-2
2025-08-27 12:58:15,706 INFO o.a.j.t.JMeterThread: Thread is done: Pets 1-2
2025-08-27 12:58:15,706 INFO o.a.j.t.JMeterThread: Thread finished: Pets 1-2
2025-08-27 12:58:15,708 INFO o.a.j.e.StandardJMeterEngine: Notifying test listeners of end of test
2025-08-27 12:58:15,709 INFO o.a.j.s.FileServer: Close: /Users/georgeansell/QA/jmeter saucedemo/jmeter-petstore-demo/data/pets.csv
2025-08-27 12:58:15,711 INFO o.a.j.g.u.JMeterMenuBar: setRunning(false, *local*)
2025-08-27 12:58:34,696 ERROR o.a.j.g.a.Save: Could not backup file! Backup directory does not exist, is not a directory or could not be created ! </opt/apache-jmeter-5.6.3/backups>
2025-08-27 12:58:34,727 INFO o.a.j.e.StandardJMeterEngine: Running the test!
2025-08-27 12:58:34,729 INFO o.a.j.s.SampleEvent: List of sample_variables: []
2025-08-27 12:58:34,732 INFO o.a.j.g.u.JMeterMenuBar: setRunning(true, *local*)
2025-08-27 12:58:34,833 INFO o.a.j.e.StandardJMeterEngine: Starting ThreadGroup: 1 : Pets
2025-08-27 12:58:34,844 INFO o.a.j.e.StandardJMeterEngine: Starting 2 threads for group Pets.
2025-08-27 12:58:34,844 INFO o.a.j.e.StandardJMeterEngine: Thread will continue on error
2025-08-27 12:58:34,846 INFO o.a.j.t.ThreadGroup: Starting thread group... number=1 threads=2 ramp-up=2 delayedStart=false
2025-08-27 12:58:34,881 INFO o.a.j.t.ThreadGroup: Started thread group number 1
2025-08-27 12:58:34,881 INFO o.a.j.e.StandardJMeterEngine: All thread groups have been started
2025-08-27 12:58:34,885 INFO o.a.j.t.JMeterThread: Thread started: Pets 1-1
2025-08-27 12:58:34,893 INFO o.a.j.s.FileServer: Stored: /Users/georgeansell/QA/jmeter saucedemo/jmeter-petstore-demo/data/pets.csv
2025-08-27 12:58:34,912 INFO o.a.j.t.JMeterThread: Thread is done: Pets 1-1
2025-08-27 12:58:34,913 INFO o.a.j.t.JMeterThread: Thread finished: Pets 1-1
2025-08-27 12:58:35,862 INFO o.a.j.t.JMeterThread: Thread started: Pets 1-2
2025-08-27 12:58:35,866 INFO o.a.j.t.JMeterThread: Thread is done: Pets 1-2
2025-08-27 12:58:35,866 INFO o.a.j.t.JMeterThread: Thread finished: Pets 1-2
2025-08-27 12:58:35,866 INFO o.a.j.e.StandardJMeterEngine: Notifying test listeners of end of test
2025-08-27 12:58:35,867 INFO o.a.j.s.FileServer: Close: /Users/georgeansell/QA/jmeter saucedemo/jmeter-petstore-demo/data/pets.csv
2025-08-27 12:58:35,867 INFO o.a.j.g.u.JMeterMenuBar: setRunning(false, *local*)
2025-08-27 13:02:08,917 ERROR o.a.j.g.a.Save: Could not backup file! Backup directory does not exist, is not a directory or could not be created ! </opt/apache-jmeter-5.6.3/backups>
2025-08-27 13:02:08,966 INFO o.a.j.e.StandardJMeterEngine: Running the test!
2025-08-27 13:02:08,968 INFO o.a.j.s.SampleEvent: List of sample_variables: []
2025-08-27 13:02:08,970 INFO o.a.j.g.u.JMeterMenuBar: setRunning(true, *local*)
2025-08-27 13:02:09,117 INFO o.a.j.e.StandardJMeterEngine: Starting ThreadGroup: 1 : Pets
2025-08-27 13:02:09,135 INFO o.a.j.e.StandardJMeterEngine: Starting 2 threads for group Pets.
2025-08-27 13:02:09,135 INFO o.a.j.e.StandardJMeterEngine: Thread will continue on error
2025-08-27 13:02:09,140 INFO o.a.j.t.ThreadGroup: Starting thread group... number=1 threads=2 ramp-up=2 delayedStart=false
2025-08-27 13:02:09,176 INFO o.a.j.t.ThreadGroup: Started thread group number 1
2025-08-27 13:02:09,178 INFO o.a.j.e.StandardJMeterEngine: All thread groups have been started
2025-08-27 13:02:09,184 INFO o.a.j.t.JMeterThread: Thread started: Pets 1-1
2025-08-27 13:02:09,196 INFO o.a.j.s.FileServer: Stored: /Users/georgeansell/QA/jmeter saucedemo/jmeter-petstore-demo/data/pets.csv
2025-08-27 13:02:09,333 INFO o.a.j.t.JMeterThread: Thread is done: Pets 1-1
2025-08-27 13:02:09,334 INFO o.a.j.t.JMeterThread: Thread finished: Pets 1-1
2025-08-27 13:02:10,162 INFO o.a.j.t.JMeterThread: Thread started: Pets 1-2
2025-08-27 13:02:10,166 INFO o.a.j.t.JMeterThread: Thread is done: Pets 1-2
2025-08-27 13:02:10,166 INFO o.a.j.t.JMeterThread: Thread finished: Pets 1-2
2025-08-27 13:02:10,166 INFO o.a.j.e.StandardJMeterEngine: Notifying test listeners of end of test
2025-08-27 13:02:10,167 INFO o.a.j.s.FileServer: Close: /Users/georgeansell/QA/jmeter saucedemo/jmeter-petstore-demo/data/pets.csv
2025-08-27 13:02:10,168 INFO o.a.j.g.u.JMeterMenuBar: setRunning(false, *local*)
2025-08-27 13:02:24,821 ERROR o.a.j.g.a.Save: Could not backup file! Backup directory does not exist, is not a directory or could not be created ! </opt/apache-jmeter-5.6.3/backups>
2025-08-27 13:02:24,852 INFO o.a.j.e.StandardJMeterEngine: Running the test!
2025-08-27 13:02:24,853 INFO o.a.j.s.SampleEvent: List of sample_variables: []
2025-08-27 13:02:24,857 INFO o.a.j.g.u.JMeterMenuBar: setRunning(true, *local*)
2025-08-27 13:02:24,968 INFO o.a.j.e.StandardJMeterEngine: Starting ThreadGroup: 1 : Pets
2025-08-27 13:02:24,982 INFO o.a.j.e.StandardJMeterEngine: Starting 2 threads for group Pets.
2025-08-27 13:02:24,984 INFO o.a.j.e.StandardJMeterEngine: Thread will continue on error
2025-08-27 13:02:24,985 INFO o.a.j.t.ThreadGroup: Starting thread group... number=1 threads=2 ramp-up=2 delayedStart=false
2025-08-27 13:02:25,025 INFO o.a.j.t.ThreadGroup: Started thread group number 1
2025-08-27 13:02:25,027 INFO o.a.j.e.StandardJMeterEngine: All thread groups have been started
2025-08-27 13:02:25,036 INFO o.a.j.t.JMeterThread: Thread started: Pets 1-1
2025-08-27 13:02:25,046 INFO o.a.j.s.FileServer: Stored: /Users/georgeansell/QA/jmeter saucedemo/jmeter-petstore-demo/data/pets.csv
2025-08-27 13:02:25,070 INFO o.a.j.t.JMeterThread: Thread is done: Pets 1-1
2025-08-27 13:02:25,070 INFO o.a.j.t.JMeterThread: Thread finished: Pets 1-1
2025-08-27 13:02:26,023 INFO o.a.j.t.JMeterThread: Thread started: Pets 1-2
2025-08-27 13:02:26,031 INFO o.a.j.t.JMeterThread: Thread is done: Pets 1-2
2025-08-27 13:02:26,032 INFO o.a.j.t.JMeterThread: Thread finished: Pets 1-2
2025-08-27 13:02:26,032 INFO o.a.j.e.StandardJMeterEngine: Notifying test listeners of end of test
2025-08-27 13:02:26,032 INFO o.a.j.s.FileServer: Close: /Users/georgeansell/QA/jmeter saucedemo/jmeter-petstore-demo/data/pets.csv
2025-08-27 13:02:26,034 INFO o.a.j.g.u.JMeterMenuBar: setRunning(false, *local*)
2025-08-27 13:03:23,256 ERROR o.a.j.g.a.Save: Could not backup file! Backup directory does not exist, is not a directory or could not be created ! </opt/apache-jmeter-5.6.3/backups>
2025-08-27 13:03:23,285 INFO o.a.j.e.StandardJMeterEngine: Running the test!
2025-08-27 13:03:23,291 INFO o.a.j.s.SampleEvent: List of sample_variables: []
2025-08-27 13:03:23,295 INFO o.a.j.g.u.JMeterMenuBar: setRunning(true, *local*)
2025-08-27 13:03:23,423 INFO o.a.j.e.StandardJMeterEngine: Starting ThreadGroup: 1 : Pets
2025-08-27 13:03:23,436 INFO o.a.j.e.StandardJMeterEngine: Starting 2 threads for group Pets.
2025-08-27 13:03:23,436 INFO o.a.j.e.StandardJMeterEngine: Thread will continue on error
2025-08-27 13:03:23,443 INFO o.a.j.t.ThreadGroup: Starting thread group... number=1 threads=2 ramp-up=2 delayedStart=false
2025-08-27 13:03:23,467 INFO o.a.j.t.ThreadGroup: Started thread group number 1
2025-08-27 13:03:23,468 INFO o.a.j.e.StandardJMeterEngine: All thread groups have been started
2025-08-27 13:03:23,472 INFO o.a.j.t.JMeterThread: Thread started: Pets 1-1
2025-08-27 13:03:23,488 INFO o.a.j.s.FileServer: Stored: /Users/georgeansell/QA/jmeter saucedemo/jmeter-petstore-demo/data/pets.csv
2025-08-27 13:03:23,522 INFO o.a.j.t.JMeterThread: Thread is done: Pets 1-1
2025-08-27 13:03:23,529 INFO o.a.j.t.JMeterThread: Thread finished: Pets 1-1
2025-08-27 13:03:24,455 INFO o.a.j.t.JMeterThread: Thread started: Pets 1-2
2025-08-27 13:03:24,459 INFO o.a.j.t.JMeterThread: Thread is done: Pets 1-2
2025-08-27 13:03:24,459 INFO o.a.j.t.JMeterThread: Thread finished: Pets 1-2
2025-08-27 13:03:24,459 INFO o.a.j.e.StandardJMeterEngine: Notifying test listeners of end of test
2025-08-27 13:03:24,460 INFO o.a.j.s.FileServer: Close: /Users/georgeansell/QA/jmeter saucedemo/jmeter-petstore-demo/data/pets.csv
2025-08-27 13:03:24,461 INFO o.a.j.g.u.JMeterMenuBar: setRunning(false, *local*)
2025-08-27 13:03:38,493 ERROR o.a.j.g.a.Save: Could not backup file! Backup directory does not exist, is not a directory or could not be created ! </opt/apache-jmeter-5.6.3/backups>
2025-08-27 13:03:38,521 INFO o.a.j.e.StandardJMeterEngine: Running the test!
2025-08-27 13:03:38,522 INFO o.a.j.s.SampleEvent: List of sample_variables: []
2025-08-27 13:03:38,528 INFO o.a.j.g.u.JMeterMenuBar: setRunning(true, *local*)
2025-08-27 13:03:38,642 INFO o.a.j.e.StandardJMeterEngine: Starting ThreadGroup: 1 : Pets
2025-08-27 13:03:38,659 INFO o.a.j.e.StandardJMeterEngine: Starting 2 threads for group Pets.
2025-08-27 13:03:38,661 INFO o.a.j.e.StandardJMeterEngine: Thread will continue on error
2025-08-27 13:03:38,664 INFO o.a.j.t.ThreadGroup: Starting thread group... number=1 threads=2 ramp-up=2 delayedStart=false
2025-08-27 13:03:38,702 INFO o.a.j.t.ThreadGroup: Started thread group number 1
2025-08-27 13:03:38,703 INFO o.a.j.e.StandardJMeterEngine: All thread groups have been started
2025-08-27 13:03:38,703 INFO o.a.j.t.JMeterThread: Thread started: Pets 1-1
2025-08-27 13:03:38,711 INFO o.a.j.s.FileServer: Stored: /Users/georgeansell/QA/jmeter saucedemo/jmeter-petstore-demo/data/pets.csv
2025-08-27 13:03:39,677 INFO o.a.j.t.JMeterThread: Thread started: Pets 1-2
2025-08-27 13:03:42,023 INFO o.a.j.p.h.s.h.LazyLayeredConnectionSocketFactory: Setting up HTTPS TrustAll Socket Factory
2025-08-27 13:03:42,031 INFO o.a.j.u.JsseSSLManager: Using default SSL protocol: TLS
2025-08-27 13:03:42,032 INFO o.a.j.u.JsseSSLManager: SSL session context: per-thread
2025-08-27 13:03:42,321 INFO o.a.j.u.SSLManager: JmeterKeyStore Location:  type JKS
2025-08-27 13:03:42,327 INFO o.a.j.u.SSLManager: KeyStore created OK
2025-08-27 13:03:42,327 WARN o.a.j.u.SSLManager: Keystore file not found, loading empty keystore
2025-08-27 13:03:43,054 INFO o.a.j.t.JMeterThread: Thread is done: Pets 1-1
2025-08-27 13:03:43,054 INFO o.a.j.t.JMeterThread: Thread is done: Pets 1-2
2025-08-27 13:03:43,058 INFO o.a.j.t.JMeterThread: Thread finished: Pets 1-1
2025-08-27 13:03:43,058 INFO o.a.j.t.JMeterThread: Thread finished: Pets 1-2
2025-08-27 13:03:43,071 INFO o.a.j.e.StandardJMeterEngine: Notifying test listeners of end of test
2025-08-27 13:03:43,073 INFO o.a.j.s.FileServer: Close: /Users/georgeansell/QA/jmeter saucedemo/jmeter-petstore-demo/data/pets.csv
2025-08-27 13:03:43,074 INFO o.a.j.g.u.JMeterMenuBar: setRunning(false, *local*)
2025-08-27 13:04:21,849 ERROR o.a.j.g.a.Save: Could not backup file! Backup directory does not exist, is not a directory or could not be created ! </opt/apache-jmeter-5.6.3/backups>
2025-08-27 13:04:21,883 INFO o.a.j.e.StandardJMeterEngine: Running the test!
2025-08-27 13:04:21,886 INFO o.a.j.s.SampleEvent: List of sample_variables: []
2025-08-27 13:04:21,888 INFO o.a.j.g.u.JMeterMenuBar: setRunning(true, *local*)
2025-08-27 13:04:22,051 INFO o.a.j.e.StandardJMeterEngine: Starting ThreadGroup: 1 : Pets
2025-08-27 13:04:22,062 INFO o.a.j.e.StandardJMeterEngine: Starting 2 threads for group Pets.
2025-08-27 13:04:22,073 INFO o.a.j.e.StandardJMeterEngine: Thread will continue on error
2025-08-27 13:04:22,081 INFO o.a.j.t.ThreadGroup: Starting thread group... number=1 threads=2 ramp-up=2 delayedStart=false
2025-08-27 13:04:22,120 INFO o.a.j.t.ThreadGroup: Started thread group number 1
2025-08-27 13:04:22,120 INFO o.a.j.e.StandardJMeterEngine: All thread groups have been started
2025-08-27 13:04:22,124 INFO o.a.j.t.JMeterThread: Thread started: Pets 1-1
2025-08-27 13:04:22,135 INFO o.a.j.s.FileServer: Stored: /Users/georgeansell/QA/jmeter saucedemo/jmeter-petstore-demo/data/pets.csv
2025-08-27 13:04:22,600 INFO o.a.j.t.JMeterThread: Thread is done: Pets 1-1
2025-08-27 13:04:22,601 INFO o.a.j.t.JMeterThread: Thread finished: Pets 1-1
2025-08-27 13:04:23,095 INFO o.a.j.t.JMeterThread: Thread started: Pets 1-2
2025-08-27 13:04:23,462 INFO o.a.j.t.JMeterThread: Thread is done: Pets 1-2
2025-08-27 13:04:23,462 INFO o.a.j.t.JMeterThread: Thread finished: Pets 1-2
2025-08-27 13:04:23,464 INFO o.a.j.e.StandardJMeterEngine: Notifying test listeners of end of test
2025-08-27 13:04:23,466 INFO o.a.j.s.FileServer: Close: /Users/georgeansell/QA/jmeter saucedemo/jmeter-petstore-demo/data/pets.csv
2025-08-27 13:04:23,469 INFO o.a.j.g.u.JMeterMenuBar: setRunning(false, *local*)
2025-08-27 13:04:39,748 INFO o.a.j.e.StandardJMeterEngine: Running the test!
2025-08-27 13:04:39,751 INFO o.a.j.s.SampleEvent: List of sample_variables: []
2025-08-27 13:04:39,753 INFO o.a.j.g.u.JMeterMenuBar: setRunning(true, *local*)
2025-08-27 13:04:39,926 INFO o.a.j.e.StandardJMeterEngine: Starting ThreadGroup: 1 : Pets
2025-08-27 13:04:39,946 INFO o.a.j.e.StandardJMeterEngine: Starting 2 threads for group Pets.
2025-08-27 13:04:39,946 INFO o.a.j.e.StandardJMeterEngine: Thread will continue on error
2025-08-27 13:04:39,948 INFO o.a.j.t.ThreadGroup: Starting thread group... number=1 threads=2 ramp-up=2 delayedStart=false
2025-08-27 13:04:39,980 INFO o.a.j.t.ThreadGroup: Started thread group number 1
2025-08-27 13:04:39,980 INFO o.a.j.e.StandardJMeterEngine: All thread groups have been started
2025-08-27 13:04:39,982 INFO o.a.j.t.JMeterThread: Thread started: Pets 1-1
2025-08-27 13:04:39,990 INFO o.a.j.s.FileServer: Stored: /Users/georgeansell/QA/jmeter saucedemo/jmeter-petstore-demo/data/pets.csv
2025-08-27 13:04:40,495 INFO o.a.j.t.JMeterThread: Thread is done: Pets 1-1
2025-08-27 13:04:40,502 INFO o.a.j.t.JMeterThread: Thread finished: Pets 1-1
2025-08-27 13:04:40,962 INFO o.a.j.t.JMeterThread: Thread started: Pets 1-2
2025-08-27 13:04:41,380 INFO o.a.j.t.JMeterThread: Thread is done: Pets 1-2
2025-08-27 13:04:41,380 INFO o.a.j.t.JMeterThread: Thread finished: Pets 1-2
2025-08-27 13:04:41,381 INFO o.a.j.e.StandardJMeterEngine: Notifying test listeners of end of test
2025-08-27 13:04:41,381 INFO o.a.j.s.FileServer: Close: /Users/georgeansell/QA/jmeter saucedemo/jmeter-petstore-demo/data/pets.csv
2025-08-27 13:04:41,382 INFO o.a.j.g.u.JMeterMenuBar: setRunning(false, *local*)
2025-08-27 13:05:07,658 ERROR o.a.j.g.a.Save: Could not backup file! Backup directory does not exist, is not a directory or could not be created ! </opt/apache-jmeter-5.6.3/backups>
2025-08-27 13:05:07,682 INFO o.a.j.e.StandardJMeterEngine: Running the test!
2025-08-27 13:05:07,683 INFO o.a.j.s.SampleEvent: List of sample_variables: []
2025-08-27 13:05:07,686 INFO o.a.j.g.u.JMeterMenuBar: setRunning(true, *local*)
2025-08-27 13:05:07,836 INFO o.a.j.e.StandardJMeterEngine: Starting ThreadGroup: 1 : Pets
2025-08-27 13:05:07,854 INFO o.a.j.e.StandardJMeterEngine: Starting 2 threads for group Pets.
2025-08-27 13:05:07,855 INFO o.a.j.e.StandardJMeterEngine: Thread will continue on error
2025-08-27 13:05:07,857 INFO o.a.j.t.ThreadGroup: Starting thread group... number=1 threads=2 ramp-up=2 delayedStart=false
2025-08-27 13:05:07,880 INFO o.a.j.t.ThreadGroup: Started thread group number 1
2025-08-27 13:05:07,880 INFO o.a.j.e.StandardJMeterEngine: All thread groups have been started
2025-08-27 13:05:07,888 INFO o.a.j.t.JMeterThread: Thread started: Pets 1-1
2025-08-27 13:05:07,902 INFO o.a.j.s.FileServer: Stored: /Users/georgeansell/QA/jmeter saucedemo/jmeter-petstore-demo/data/pets.csv
2025-08-27 13:05:08,872 INFO o.a.j.t.JMeterThread: Thread started: Pets 1-2
2025-08-27 13:05:11,616 INFO o.a.j.t.JMeterThread: Thread is done: Pets 1-2
2025-08-27 13:05:11,616 INFO o.a.j.t.JMeterThread: Thread is done: Pets 1-1
2025-08-27 13:05:11,616 INFO o.a.j.t.JMeterThread: Thread finished: Pets 1-2
2025-08-27 13:05:11,616 INFO o.a.j.t.JMeterThread: Thread finished: Pets 1-1
2025-08-27 13:05:11,619 INFO o.a.j.e.StandardJMeterEngine: Notifying test listeners of end of test
2025-08-27 13:05:11,619 INFO o.a.j.s.FileServer: Close: /Users/georgeansell/QA/jmeter saucedemo/jmeter-petstore-demo/data/pets.csv
2025-08-27 13:05:11,620 INFO o.a.j.g.u.JMeterMenuBar: setRunning(false, *local*)
2025-08-27 13:06:59,754 ERROR o.a.j.g.a.Save: Could not backup file! Backup directory does not exist, is not a directory or could not be created ! </opt/apache-jmeter-5.6.3/backups>
2025-08-27 13:06:59,777 INFO o.a.j.e.StandardJMeterEngine: Running the test!
2025-08-27 13:06:59,786 INFO o.a.j.s.SampleEvent: List of sample_variables: []
2025-08-27 13:06:59,790 INFO o.a.j.g.u.JMeterMenuBar: setRunning(true, *local*)
2025-08-27 13:06:59,997 INFO o.a.j.e.StandardJMeterEngine: Starting ThreadGroup: 1 : Pets
2025-08-27 13:07:00,007 INFO o.a.j.e.StandardJMeterEngine: Starting 2 threads for group Pets.
2025-08-27 13:07:00,007 INFO o.a.j.e.StandardJMeterEngine: Thread will continue on error
2025-08-27 13:07:00,009 INFO o.a.j.t.ThreadGroup: Starting thread group... number=1 threads=2 ramp-up=2 delayedStart=false
2025-08-27 13:07:00,051 INFO o.a.j.t.ThreadGroup: Started thread group number 1
2025-08-27 13:07:00,051 INFO o.a.j.e.StandardJMeterEngine: All thread groups have been started
2025-08-27 13:07:00,062 INFO o.a.j.t.JMeterThread: Thread started: Pets 1-1
2025-08-27 13:07:00,084 INFO o.a.j.s.FileServer: Stored: /Users/georgeansell/QA/jmeter saucedemo/jmeter-petstore-demo/data/pets.csv
2025-08-27 13:07:00,589 INFO o.a.j.t.JMeterThread: Thread is done: Pets 1-1
2025-08-27 13:07:00,589 INFO o.a.j.t.JMeterThread: Thread finished: Pets 1-1
2025-08-27 13:07:01,027 INFO o.a.j.t.JMeterThread: Thread started: Pets 1-2
2025-08-27 13:07:01,414 INFO o.a.j.t.JMeterThread: Thread is done: Pets 1-2
2025-08-27 13:07:01,415 INFO o.a.j.t.JMeterThread: Thread finished: Pets 1-2
2025-08-27 13:07:01,416 INFO o.a.j.e.StandardJMeterEngine: Notifying test listeners of end of test
2025-08-27 13:07:01,416 INFO o.a.j.s.FileServer: Close: /Users/georgeansell/QA/jmeter saucedemo/jmeter-petstore-demo/data/pets.csv
2025-08-27 13:07:01,418 INFO o.a.j.g.u.JMeterMenuBar: setRunning(false, *local*)
2025-08-27 13:07:16,549 ERROR o.a.j.g.a.Save: Could not backup file! Backup directory does not exist, is not a directory or could not be created ! </opt/apache-jmeter-5.6.3/backups>
2025-08-27 13:07:16,576 INFO o.a.j.e.StandardJMeterEngine: Running the test!
2025-08-27 13:07:16,577 INFO o.a.j.s.SampleEvent: List of sample_variables: []
2025-08-27 13:07:16,583 INFO o.a.j.g.u.JMeterMenuBar: setRunning(true, *local*)
2025-08-27 13:07:16,724 INFO o.a.j.e.StandardJMeterEngine: Starting ThreadGroup: 1 : Pets
2025-08-27 13:07:16,735 INFO o.a.j.e.StandardJMeterEngine: Starting 2 threads for group Pets.
2025-08-27 13:07:16,736 INFO o.a.j.e.StandardJMeterEngine: Thread will continue on error
2025-08-27 13:07:16,737 INFO o.a.j.t.ThreadGroup: Starting thread group... number=1 threads=2 ramp-up=2 delayedStart=false
2025-08-27 13:07:16,768 INFO o.a.j.t.ThreadGroup: Started thread group number 1
2025-08-27 13:07:16,769 INFO o.a.j.e.StandardJMeterEngine: All thread groups have been started
2025-08-27 13:07:16,784 INFO o.a.j.t.JMeterThread: Thread started: Pets 1-1
2025-08-27 13:07:16,797 INFO o.a.j.s.FileServer: Stored: /Users/georgeansell/QA/jmeter saucedemo/jmeter-petstore-demo/data/pets.csv
2025-08-27 13:07:17,237 INFO o.a.j.t.JMeterThread: Thread is done: Pets 1-1
2025-08-27 13:07:17,237 INFO o.a.j.t.JMeterThread: Thread finished: Pets 1-1
2025-08-27 13:07:17,764 INFO o.a.j.t.JMeterThread: Thread started: Pets 1-2
2025-08-27 13:07:18,160 INFO o.a.j.t.JMeterThread: Thread is done: Pets 1-2
2025-08-27 13:07:18,161 INFO o.a.j.t.JMeterThread: Thread finished: Pets 1-2
2025-08-27 13:07:18,165 INFO o.a.j.e.StandardJMeterEngine: Notifying test listeners of end of test
2025-08-27 13:07:18,165 INFO o.a.j.s.FileServer: Close: /Users/georgeansell/QA/jmeter saucedemo/jmeter-petstore-demo/data/pets.csv
2025-08-27 13:07:18,167 INFO o.a.j.g.u.JMeterMenuBar: setRunning(false, *local*)
2025-08-27 13:08:53,710 ERROR o.a.j.g.a.Save: Could not backup file! Backup directory does not exist, is not a directory or could not be created ! </opt/apache-jmeter-5.6.3/backups>
2025-08-27 13:08:53,750 INFO o.a.j.e.StandardJMeterEngine: Running the test!
2025-08-27 13:08:53,755 INFO o.a.j.s.SampleEvent: List of sample_variables: []
2025-08-27 13:08:53,760 INFO o.a.j.g.u.JMeterMenuBar: setRunning(true, *local*)
2025-08-27 13:08:53,902 INFO o.a.j.e.StandardJMeterEngine: Starting ThreadGroup: 1 : Pets
2025-08-27 13:08:53,921 INFO o.a.j.e.StandardJMeterEngine: Starting 2 threads for group Pets.
2025-08-27 13:08:53,924 INFO o.a.j.e.StandardJMeterEngine: Thread will continue on error
2025-08-27 13:08:53,927 INFO o.a.j.t.ThreadGroup: Starting thread group... number=1 threads=2 ramp-up=2 delayedStart=false
2025-08-27 13:08:53,953 INFO o.a.j.t.ThreadGroup: Started thread group number 1
2025-08-27 13:08:53,953 INFO o.a.j.e.StandardJMeterEngine: All thread groups have been started
2025-08-27 13:08:53,958 INFO o.a.j.t.JMeterThread: Thread started: Pets 1-1
2025-08-27 13:08:53,971 INFO o.a.j.s.FileServer: Stored: /Users/georgeansell/QA/jmeter saucedemo/jmeter-petstore-demo/data/pets.csv
2025-08-27 13:08:54,938 INFO o.a.j.t.JMeterThread: Thread started: Pets 1-2
2025-08-27 13:08:57,639 INFO o.a.j.t.JMeterThread: Thread is done: Pets 1-2
2025-08-27 13:08:57,639 INFO o.a.j.t.JMeterThread: Thread is done: Pets 1-1
2025-08-27 13:08:57,639 INFO o.a.j.t.JMeterThread: Thread finished: Pets 1-2
2025-08-27 13:08:57,639 INFO o.a.j.t.JMeterThread: Thread finished: Pets 1-1
2025-08-27 13:08:57,645 INFO o.a.j.e.StandardJMeterEngine: Notifying test listeners of end of test
2025-08-27 13:08:57,645 INFO o.a.j.s.FileServer: Close: /Users/georgeansell/QA/jmeter saucedemo/jmeter-petstore-demo/data/pets.csv
2025-08-27 13:08:57,647 INFO o.a.j.g.u.JMeterMenuBar: setRunning(false, *local*)
2025-08-27 13:09:49,480 ERROR o.a.j.g.a.Save: Could not backup file! Backup directory does not exist, is not a directory or could not be created ! </opt/apache-jmeter-5.6.3/backups>
2025-08-27 13:09:49,514 INFO o.a.j.e.StandardJMeterEngine: Running the test!
2025-08-27 13:09:49,515 INFO o.a.j.s.SampleEvent: List of sample_variables: []
2025-08-27 13:09:49,520 INFO o.a.j.g.u.JMeterMenuBar: setRunning(true, *local*)
2025-08-27 13:09:49,670 INFO o.a.j.e.StandardJMeterEngine: Starting ThreadGroup: 1 : Pets
2025-08-27 13:09:49,702 INFO o.a.j.e.StandardJMeterEngine: Starting 2 threads for group Pets.
2025-08-27 13:09:49,719 INFO o.a.j.e.StandardJMeterEngine: Thread will continue on error
2025-08-27 13:09:49,725 INFO o.a.j.t.ThreadGroup: Starting thread group... number=1 threads=2 ramp-up=2 delayedStart=false
2025-08-27 13:09:49,744 INFO o.a.j.t.ThreadGroup: Started thread group number 1
2025-08-27 13:09:49,745 INFO o.a.j.e.StandardJMeterEngine: All thread groups have been started
2025-08-27 13:09:49,748 INFO o.a.j.t.JMeterThread: Thread started: Pets 1-1
2025-08-27 13:09:49,755 INFO o.a.j.s.FileServer: Stored: /Users/georgeansell/QA/jmeter saucedemo/jmeter-petstore-demo/data/pets.csv
2025-08-27 13:09:50,192 INFO o.a.j.t.JMeterThread: Thread is done: Pets 1-1
2025-08-27 13:09:50,192 INFO o.a.j.t.JMeterThread: Thread finished: Pets 1-1
2025-08-27 13:09:50,732 INFO o.a.j.t.JMeterThread: Thread started: Pets 1-2
2025-08-27 13:09:51,104 INFO o.a.j.t.JMeterThread: Thread is done: Pets 1-2
2025-08-27 13:09:51,104 INFO o.a.j.t.JMeterThread: Thread finished: Pets 1-2
2025-08-27 13:09:51,106 INFO o.a.j.e.StandardJMeterEngine: Notifying test listeners of end of test
2025-08-27 13:09:51,106 INFO o.a.j.s.FileServer: Close: /Users/georgeansell/QA/jmeter saucedemo/jmeter-petstore-demo/data/pets.csv
2025-08-27 13:09:51,107 INFO o.a.j.g.u.JMeterMenuBar: setRunning(false, *local*)
2025-08-27 13:12:03,103 ERROR o.a.j.g.a.Save: Could not backup file! Backup directory does not exist, is not a directory or could not be created ! </opt/apache-jmeter-5.6.3/backups>
2025-08-27 13:12:03,150 INFO o.a.j.e.StandardJMeterEngine: Running the test!
2025-08-27 13:12:03,152 INFO o.a.j.s.SampleEvent: List of sample_variables: []
2025-08-27 13:12:03,156 INFO o.a.j.g.u.JMeterMenuBar: setRunning(true, *local*)
2025-08-27 13:12:03,317 INFO o.a.j.e.StandardJMeterEngine: Starting ThreadGroup: 1 : Pets
2025-08-27 13:12:03,333 INFO o.a.j.e.StandardJMeterEngine: Starting 2 threads for group Pets.
2025-08-27 13:12:03,333 INFO o.a.j.e.StandardJMeterEngine: Thread will continue on error
2025-08-27 13:12:03,336 INFO o.a.j.t.ThreadGroup: Starting thread group... number=1 threads=2 ramp-up=2 delayedStart=false
2025-08-27 13:12:03,361 INFO o.a.j.t.ThreadGroup: Started thread group number 1
2025-08-27 13:12:03,361 INFO o.a.j.e.StandardJMeterEngine: All thread groups have been started
2025-08-27 13:12:03,370 INFO o.a.j.t.JMeterThread: Thread started: Pets 1-1
2025-08-27 13:12:03,384 INFO o.a.j.s.FileServer: Stored: /Users/georgeansell/QA/jmeter saucedemo/jmeter-petstore-demo/data/pets.csv
2025-08-27 13:12:03,982 INFO o.a.j.t.JMeterThread: Thread is done: Pets 1-1
2025-08-27 13:12:03,982 INFO o.a.j.t.JMeterThread: Thread finished: Pets 1-1
2025-08-27 13:12:04,351 INFO o.a.j.t.JMeterThread: Thread started: Pets 1-2
2025-08-27 13:12:04,741 INFO o.a.j.t.JMeterThread: Thread is done: Pets 1-2
2025-08-27 13:12:04,741 INFO o.a.j.t.JMeterThread: Thread finished: Pets 1-2
2025-08-27 13:12:04,743 INFO o.a.j.e.StandardJMeterEngine: Notifying test listeners of end of test
2025-08-27 13:12:04,743 INFO o.a.j.s.FileServer: Close: /Users/georgeansell/QA/jmeter saucedemo/jmeter-petstore-demo/data/pets.csv
2025-08-27 13:12:04,744 INFO o.a.j.g.u.JMeterMenuBar: setRunning(false, *local*)
2025-08-27 13:13:05,990 ERROR o.a.j.g.a.Save: Could not backup file! Backup directory does not exist, is not a directory or could not be created ! </opt/apache-jmeter-5.6.3/backups>
2025-08-27 13:13:06,032 INFO o.a.j.e.StandardJMeterEngine: Running the test!
2025-08-27 13:13:06,037 INFO o.a.j.s.SampleEvent: List of sample_variables: []
2025-08-27 13:13:06,051 INFO o.a.j.g.u.JMeterMenuBar: setRunning(true, *local*)
2025-08-27 13:13:06,258 INFO o.a.j.e.StandardJMeterEngine: Starting ThreadGroup: 1 : Pets
2025-08-27 13:13:06,273 INFO o.a.j.e.StandardJMeterEngine: Starting 2 threads for group Pets.
2025-08-27 13:13:06,279 INFO o.a.j.e.StandardJMeterEngine: Thread will continue on error
2025-08-27 13:13:06,282 INFO o.a.j.t.ThreadGroup: Starting thread group... number=1 threads=2 ramp-up=2 delayedStart=false
2025-08-27 13:13:06,312 INFO o.a.j.t.ThreadGroup: Started thread group number 1
2025-08-27 13:13:06,312 INFO o.a.j.e.StandardJMeterEngine: All thread groups have been started
2025-08-27 13:13:06,319 INFO o.a.j.t.JMeterThread: Thread started: Pets 1-1
2025-08-27 13:13:06,330 INFO o.a.j.s.FileServer: Stored: /Users/georgeansell/QA/jmeter saucedemo/jmeter-petstore-demo/data/pets.csv
2025-08-27 13:13:06,801 INFO o.a.j.t.JMeterThread: Thread is done: Pets 1-1
2025-08-27 13:13:06,801 INFO o.a.j.t.JMeterThread: Thread finished: Pets 1-1
2025-08-27 13:13:07,295 INFO o.a.j.t.JMeterThread: Thread started: Pets 1-2
2025-08-27 13:13:07,688 INFO o.a.j.t.JMeterThread: Thread is done: Pets 1-2
2025-08-27 13:13:07,689 INFO o.a.j.t.JMeterThread: Thread finished: Pets 1-2
2025-08-27 13:13:07,690 INFO o.a.j.e.StandardJMeterEngine: Notifying test listeners of end of test
2025-08-27 13:13:07,690 INFO o.a.j.s.FileServer: Close: /Users/georgeansell/QA/jmeter saucedemo/jmeter-petstore-demo/data/pets.csv
2025-08-27 13:13:07,691 INFO o.a.j.g.u.JMeterMenuBar: setRunning(false, *local*)
2025-08-27 13:13:17,508 ERROR o.a.j.g.a.Save: Could not backup file! Backup directory does not exist, is not a directory or could not be created ! </opt/apache-jmeter-5.6.3/backups>
2025-08-27 13:13:17,532 INFO o.a.j.e.StandardJMeterEngine: Running the test!
2025-08-27 13:13:17,538 INFO o.a.j.s.SampleEvent: List of sample_variables: []
2025-08-27 13:13:17,542 INFO o.a.j.g.u.JMeterMenuBar: setRunning(true, *local*)
2025-08-27 13:13:17,664 INFO o.a.j.e.StandardJMeterEngine: Starting ThreadGroup: 1 : Pets
2025-08-27 13:13:17,677 INFO o.a.j.e.StandardJMeterEngine: Starting 2 threads for group Pets.
2025-08-27 13:13:17,678 INFO o.a.j.e.StandardJMeterEngine: Thread will continue on error
2025-08-27 13:13:17,680 INFO o.a.j.t.ThreadGroup: Starting thread group... number=1 threads=2 ramp-up=2 delayedStart=false
2025-08-27 13:13:17,724 INFO o.a.j.t.ThreadGroup: Started thread group number 1
2025-08-27 13:13:17,724 INFO o.a.j.e.StandardJMeterEngine: All thread groups have been started
2025-08-27 13:13:17,716 INFO o.a.j.t.JMeterThread: Thread started: Pets 1-1
2025-08-27 13:13:17,734 INFO o.a.j.s.FileServer: Stored: /Users/georgeansell/QA/jmeter saucedemo/jmeter-petstore-demo/data/pets.csv
2025-08-27 13:13:18,191 INFO o.a.j.t.JMeterThread: Thread is done: Pets 1-1
2025-08-27 13:13:18,192 INFO o.a.j.t.JMeterThread: Thread finished: Pets 1-1
2025-08-27 13:13:18,705 INFO o.a.j.t.JMeterThread: Thread started: Pets 1-2
2025-08-27 13:13:19,084 INFO o.a.j.t.JMeterThread: Thread is done: Pets 1-2
2025-08-27 13:13:19,084 INFO o.a.j.t.JMeterThread: Thread finished: Pets 1-2
2025-08-27 13:13:19,085 INFO o.a.j.e.StandardJMeterEngine: Notifying test listeners of end of test
2025-08-27 13:13:19,085 INFO o.a.j.s.FileServer: Close: /Users/georgeansell/QA/jmeter saucedemo/jmeter-petstore-demo/data/pets.csv
2025-08-27 13:13:19,086 INFO o.a.j.g.u.JMeterMenuBar: setRunning(false, *local*)
2025-08-27 13:14:38,498 ERROR o.a.j.g.a.Save: Could not backup file! Backup directory does not exist, is not a directory or could not be created ! </opt/apache-jmeter-5.6.3/backups>
2025-08-27 13:14:38,529 INFO o.a.j.e.StandardJMeterEngine: Running the test!
2025-08-27 13:14:38,530 INFO o.a.j.s.SampleEvent: List of sample_variables: []
2025-08-27 13:14:38,541 INFO o.a.j.g.u.JMeterMenuBar: setRunning(true, *local*)
2025-08-27 13:14:38,711 INFO o.a.j.e.StandardJMeterEngine: Starting ThreadGroup: 1 : Pets
2025-08-27 13:14:38,726 INFO o.a.j.e.StandardJMeterEngine: Starting 2 threads for group Pets.
2025-08-27 13:14:38,730 INFO o.a.j.e.StandardJMeterEngine: Thread will continue on error
2025-08-27 13:14:38,736 INFO o.a.j.t.ThreadGroup: Starting thread group... number=1 threads=2 ramp-up=2 delayedStart=false
2025-08-27 13:14:38,791 INFO o.a.j.t.ThreadGroup: Started thread group number 1
2025-08-27 13:14:38,791 INFO o.a.j.e.StandardJMeterEngine: All thread groups have been started
2025-08-27 13:14:38,803 INFO o.a.j.t.JMeterThread: Thread started: Pets 1-1
2025-08-27 13:14:38,848 INFO o.a.j.s.FileServer: Stored: /Users/georgeansell/QA/jmeter saucedemo/jmeter-petstore-demo/data/pets.csv
2025-08-27 13:14:39,330 INFO o.a.j.t.JMeterThread: Thread is done: Pets 1-1
2025-08-27 13:14:39,331 INFO o.a.j.t.JMeterThread: Thread finished: Pets 1-1
2025-08-27 13:14:39,750 INFO o.a.j.t.JMeterThread: Thread started: Pets 1-2
2025-08-27 13:14:40,149 INFO o.a.j.t.JMeterThread: Thread is done: Pets 1-2
2025-08-27 13:14:40,150 INFO o.a.j.t.JMeterThread: Thread finished: Pets 1-2
2025-08-27 13:14:40,154 INFO o.a.j.e.StandardJMeterEngine: Notifying test listeners of end of test
2025-08-27 13:14:40,154 INFO o.a.j.s.FileServer: Close: /Users/georgeansell/QA/jmeter saucedemo/jmeter-petstore-demo/data/pets.csv
2025-08-27 13:14:40,155 INFO o.a.j.g.u.JMeterMenuBar: setRunning(false, *local*)
2025-08-27 13:16:46,443 ERROR o.a.j.g.a.Save: Could not backup file! Backup directory does not exist, is not a directory or could not be created ! </opt/apache-jmeter-5.6.3/backups>
2025-08-27 13:16:46,477 INFO o.a.j.e.StandardJMeterEngine: Running the test!
2025-08-27 13:16:46,479 INFO o.a.j.s.SampleEvent: List of sample_variables: []
2025-08-27 13:16:46,497 INFO o.a.j.g.u.JMeterMenuBar: setRunning(true, *local*)
2025-08-27 13:16:46,733 INFO o.a.j.e.StandardJMeterEngine: Starting ThreadGroup: 1 : Pets
2025-08-27 13:16:46,744 INFO o.a.j.e.StandardJMeterEngine: Starting 2 threads for group Pets.
2025-08-27 13:16:46,745 INFO o.a.j.e.StandardJMeterEngine: Thread will continue on error
2025-08-27 13:16:46,747 INFO o.a.j.t.ThreadGroup: Starting thread group... number=1 threads=2 ramp-up=2 delayedStart=false
2025-08-27 13:16:46,796 INFO o.a.j.t.ThreadGroup: Started thread group number 1
2025-08-27 13:16:46,784 INFO o.a.j.t.JMeterThread: Thread started: Pets 1-1
2025-08-27 13:16:46,801 INFO o.a.j.e.StandardJMeterEngine: All thread groups have been started
2025-08-27 13:16:46,809 INFO o.a.j.s.FileServer: Stored: /Users/georgeansell/QA/jmeter saucedemo/jmeter-petstore-demo/data/pets.csv
2025-08-27 13:16:47,467 INFO o.a.j.t.JMeterThread: Thread is done: Pets 1-1
2025-08-27 13:16:47,474 INFO o.a.j.t.JMeterThread: Thread finished: Pets 1-1
2025-08-27 13:16:47,789 INFO o.a.j.t.JMeterThread: Thread started: Pets 1-2
2025-08-27 13:16:48,274 INFO o.a.j.t.JMeterThread: Thread is done: Pets 1-2
2025-08-27 13:16:48,274 INFO o.a.j.t.JMeterThread: Thread finished: Pets 1-2
2025-08-27 13:16:48,276 INFO o.a.j.e.StandardJMeterEngine: Notifying test listeners of end of test
2025-08-27 13:16:48,276 INFO o.a.j.s.FileServer: Close: /Users/georgeansell/QA/jmeter saucedemo/jmeter-petstore-demo/data/pets.csv
2025-08-27 13:16:48,277 INFO o.a.j.g.u.JMeterMenuBar: setRunning(false, *local*)
2025-08-27 13:17:11,498 ERROR o.a.j.g.a.Save: Could not backup file! Backup directory does not exist, is not a directory or could not be created ! </opt/apache-jmeter-5.6.3/backups>
2025-08-27 13:17:11,527 INFO o.a.j.e.StandardJMeterEngine: Running the test!
2025-08-27 13:17:11,528 INFO o.a.j.s.SampleEvent: List of sample_variables: []
2025-08-27 13:17:11,538 INFO o.a.j.g.u.JMeterMenuBar: setRunning(true, *local*)
2025-08-27 13:17:11,658 INFO o.a.j.e.StandardJMeterEngine: Starting ThreadGroup: 1 : Pets
2025-08-27 13:17:11,676 INFO o.a.j.e.StandardJMeterEngine: Starting 2 threads for group Pets.
2025-08-27 13:17:11,677 INFO o.a.j.e.StandardJMeterEngine: Thread will continue on error
2025-08-27 13:17:11,679 INFO o.a.j.t.ThreadGroup: Starting thread group... number=1 threads=2 ramp-up=2 delayedStart=false
2025-08-27 13:17:11,709 INFO o.a.j.t.ThreadGroup: Started thread group number 1
2025-08-27 13:17:11,709 INFO o.a.j.e.StandardJMeterEngine: All thread groups have been started
2025-08-27 13:17:11,714 INFO o.a.j.t.JMeterThread: Thread started: Pets 1-1
2025-08-27 13:17:11,734 INFO o.a.j.s.FileServer: Stored: /Users/georgeansell/QA/jmeter saucedemo/jmeter-petstore-demo/data/pets.csv
2025-08-27 13:17:12,321 INFO o.a.j.t.JMeterThread: Thread is done: Pets 1-1
2025-08-27 13:17:12,324 INFO o.a.j.t.JMeterThread: Thread finished: Pets 1-1
2025-08-27 13:17:12,694 INFO o.a.j.t.JMeterThread: Thread started: Pets 1-2
2025-08-27 13:17:13,199 INFO o.a.j.t.JMeterThread: Thread is done: Pets 1-2
2025-08-27 13:17:13,200 INFO o.a.j.t.JMeterThread: Thread finished: Pets 1-2
2025-08-27 13:17:13,202 INFO o.a.j.e.StandardJMeterEngine: Notifying test listeners of end of test
2025-08-27 13:17:13,203 INFO o.a.j.s.FileServer: Close: /Users/georgeansell/QA/jmeter saucedemo/jmeter-petstore-demo/data/pets.csv
2025-08-27 13:17:13,204 INFO o.a.j.g.u.JMeterMenuBar: setRunning(false, *local*)
2025-08-27 13:22:28,601 ERROR o.a.j.g.a.Save: Could not backup file! Backup directory does not exist, is not a directory or could not be created ! </opt/apache-jmeter-5.6.3/backups>
2025-08-27 13:22:28,631 INFO o.a.j.e.StandardJMeterEngine: Running the test!
2025-08-27 13:22:28,632 INFO o.a.j.s.SampleEvent: List of sample_variables: []
2025-08-27 13:22:28,639 INFO o.a.j.g.u.JMeterMenuBar: setRunning(true, *local*)
2025-08-27 13:22:28,854 INFO o.a.j.e.StandardJMeterEngine: Starting ThreadGroup: 1 : Pets
2025-08-27 13:22:28,865 INFO o.a.j.e.StandardJMeterEngine: Starting 2 threads for group Pets.
2025-08-27 13:22:28,866 INFO o.a.j.e.StandardJMeterEngine: Thread will continue on error
2025-08-27 13:22:28,868 INFO o.a.j.t.ThreadGroup: Starting thread group... number=1 threads=2 ramp-up=2 delayedStart=false
2025-08-27 13:22:28,893 INFO o.a.j.t.ThreadGroup: Started thread group number 1
2025-08-27 13:22:28,894 INFO o.a.j.e.StandardJMeterEngine: All thread groups have been started
2025-08-27 13:22:28,905 INFO o.a.j.t.JMeterThread: Thread started: Pets 1-1
2025-08-27 13:22:28,924 INFO o.a.j.s.FileServer: Stored: /Users/georgeansell/QA/jmeter saucedemo/jmeter-petstore-demo/data/pets.csv
2025-08-27 13:22:29,494 INFO o.a.j.t.JMeterThread: Thread is done: Pets 1-1
2025-08-27 13:22:29,494 INFO o.a.j.t.JMeterThread: Thread finished: Pets 1-1
2025-08-27 13:22:29,890 INFO o.a.j.t.JMeterThread: Thread started: Pets 1-2
2025-08-27 13:22:30,270 INFO o.a.j.t.JMeterThread: Thread is done: Pets 1-2
2025-08-27 13:22:30,271 INFO o.a.j.t.JMeterThread: Thread finished: Pets 1-2
2025-08-27 13:22:30,272 INFO o.a.j.e.StandardJMeterEngine: Notifying test listeners of end of test
2025-08-27 13:22:30,272 INFO o.a.j.s.FileServer: Close: /Users/georgeansell/QA/jmeter saucedemo/jmeter-petstore-demo/data/pets.csv
2025-08-27 13:22:30,273 INFO o.a.j.g.u.JMeterMenuBar: setRunning(false, *local*)
2025-08-27 13:23:30,735 ERROR o.a.j.g.a.Save: Could not backup file! Backup directory does not exist, is not a directory or could not be created ! </opt/apache-jmeter-5.6.3/backups>
2025-08-27 13:23:30,763 INFO o.a.j.e.StandardJMeterEngine: Running the test!
2025-08-27 13:23:30,764 INFO o.a.j.s.SampleEvent: List of sample_variables: []
2025-08-27 13:23:30,771 INFO o.a.j.g.u.JMeterMenuBar: setRunning(true, *local*)
2025-08-27 13:23:30,971 INFO o.a.j.e.StandardJMeterEngine: Starting ThreadGroup: 1 : Pets
2025-08-27 13:23:30,993 INFO o.a.j.e.StandardJMeterEngine: Starting 2 threads for group Pets.
2025-08-27 13:23:30,994 INFO o.a.j.e.StandardJMeterEngine: Thread will continue on error
2025-08-27 13:23:30,997 INFO o.a.j.t.ThreadGroup: Starting thread group... number=1 threads=2 ramp-up=2 delayedStart=false
2025-08-27 13:23:31,045 INFO o.a.j.t.ThreadGroup: Started thread group number 1
2025-08-27 13:23:31,045 INFO o.a.j.e.StandardJMeterEngine: All thread groups have been started
2025-08-27 13:23:31,038 INFO o.a.j.t.JMeterThread: Thread started: Pets 1-1
2025-08-27 13:23:31,055 INFO o.a.j.s.FileServer: Stored: /Users/georgeansell/QA/jmeter saucedemo/jmeter-petstore-demo/data/pets.csv
2025-08-27 13:23:31,599 INFO o.a.j.t.JMeterThread: Thread is done: Pets 1-1
2025-08-27 13:23:31,599 INFO o.a.j.t.JMeterThread: Thread finished: Pets 1-1
2025-08-27 13:23:32,028 INFO o.a.j.t.JMeterThread: Thread started: Pets 1-2
2025-08-27 13:23:32,412 INFO o.a.j.t.JMeterThread: Thread is done: Pets 1-2
2025-08-27 13:23:32,413 INFO o.a.j.t.JMeterThread: Thread finished: Pets 1-2
2025-08-27 13:23:32,414 INFO o.a.j.e.StandardJMeterEngine: Notifying test listeners of end of test
2025-08-27 13:23:32,414 INFO o.a.j.s.FileServer: Close: /Users/georgeansell/QA/jmeter saucedemo/jmeter-petstore-demo/data/pets.csv
2025-08-27 13:23:32,415 INFO o.a.j.g.u.JMeterMenuBar: setRunning(false, *local*)
2025-08-27 13:24:46,025 INFO o.a.j.e.StandardJMeterEngine: Running the test!
2025-08-27 13:24:46,037 INFO o.a.j.s.SampleEvent: List of sample_variables: []
2025-08-27 13:24:46,042 INFO o.a.j.g.u.JMeterMenuBar: setRunning(true, *local*)
2025-08-27 13:24:46,182 INFO o.a.j.e.StandardJMeterEngine: Starting ThreadGroup: 1 : Pets
2025-08-27 13:24:46,190 INFO o.a.j.e.StandardJMeterEngine: Starting 2 threads for group Pets.
2025-08-27 13:24:46,192 INFO o.a.j.e.StandardJMeterEngine: Thread will continue on error
2025-08-27 13:24:46,198 INFO o.a.j.t.ThreadGroup: Starting thread group... number=1 threads=2 ramp-up=2 delayedStart=false
2025-08-27 13:24:46,230 INFO o.a.j.t.ThreadGroup: Started thread group number 1
2025-08-27 13:24:46,230 INFO o.a.j.e.StandardJMeterEngine: All thread groups have been started
2025-08-27 13:24:46,234 INFO o.a.j.t.JMeterThread: Thread started: Pets 1-1
2025-08-27 13:24:46,247 INFO o.a.j.s.FileServer: Stored: /Users/georgeansell/QA/jmeter saucedemo/jmeter-petstore-demo/data/pets.csv
2025-08-27 13:24:47,209 INFO o.a.j.t.JMeterThread: Thread started: Pets 1-2
2025-08-27 13:24:49,967 INFO o.a.j.t.JMeterThread: Thread is done: Pets 1-1
2025-08-27 13:24:49,968 INFO o.a.j.t.JMeterThread: Thread finished: Pets 1-1
2025-08-27 13:24:49,968 INFO o.a.j.t.JMeterThread: Thread is done: Pets 1-2
2025-08-27 13:24:49,968 INFO o.a.j.t.JMeterThread: Thread finished: Pets 1-2
2025-08-27 13:24:49,970 INFO o.a.j.e.StandardJMeterEngine: Notifying test listeners of end of test
2025-08-27 13:24:49,970 INFO o.a.j.s.FileServer: Close: /Users/georgeansell/QA/jmeter saucedemo/jmeter-petstore-demo/data/pets.csv
2025-08-27 13:24:49,971 INFO o.a.j.g.u.JMeterMenuBar: setRunning(false, *local*)
